# Server version 0.08 running on afs-macbook-pro.fios-router.home:8123
# Game ID: 348
# Board class: pentago_twist.PentagoBoard
# Timeout: 20000
# First Move Timeout: 30000
# Date: Tue Apr 13 17:36:21 EDT 2021
# Player 1: Player-0, '260705446', running on localhost
# Player 2: Player-1, 'Random Non-Stupid Benchmark', running on localhost
START Player-0 260705446
START Player-1 Random Non-Stupid Benchmark
1 2 0 0 0
0 0 1 0 1
0 2 0 1 0
5 1 0 0 1
3 0 2 1 0
3 1 3 1 1
0 3 0 1 0
3 5 1 0 1
1 3 1 1 0
1 3 2 0 1
3 2 0 1 0
1 1 3 0 1
0 5 0 1 0
3 5 2 0 1
1 0 1 1 0
0 4 3 0 1
3 0 0 0 0
2 5 1 1 1
4 0 3 1 0
5 4 3 0 1
GAMEOVER WINNER 1
# Game ended: Tue Apr 13 17:36:30 EDT 2021
