# Server version 0.08 running on afs-macbook-pro.fios-router.home:8123
# Game ID: 137
# Board class: pentago_twist.PentagoBoard
# Timeout: 20000
# First Move Timeout: 30000
# Date: Tue Apr 13 10:04:03 EDT 2021
# Player 1: Player-0, 'ALPHA', running on localhost
# Player 2: Player-1, 'ALPHA', running on localhost
START Player-0 ALPHA
START Player-1 ALPHA
1 1 0 0 0
1 4 0 0 1
4 1 0 0 0
4 4 0 0 1
1 2 0 0 0
3 1 0 0 1
2 1 2 0 0
3 1 2 1 1
4 5 3 0 0
4 5 3 0 1
3 4 0 0 0
2 5 1 0 1
2 2 1 1 0
0 5 1 0 1
2 4 1 0 0
1 2 3 1 1
5 3 1 0 0
4 3 3 1 1
3 5 3 1 0
5 5 3 1 1
5 2 3 1 0
0 2 3 1 1
2 3 3 1 0
2 5 1 0 1
2 4 2 0 0
2 0 2 1 1
0 4 3 1 0
0 0 0 1 1
1 3 0 1 0
2 1 0 0 1
3 0 0 0 0
3 2 0 0 1
3 3 0 0 0
4 2 0 0 1
5 0 0 0 0
5 1 0 0 1
GAMEOVER DRAW
# Game ended: Tue Apr 13 10:04:44 EDT 2021
