# Server version 0.08 running on afs-macbook-pro.fios-router.home:8123
# Game ID: 478
# Board class: pentago_twist.PentagoBoard
# Timeout: 20000
# First Move Timeout: 30000
# Date: Tue Apr 13 23:17:27 EDT 2021
# Player 1: Player-0, '260705446', running on localhost
# Player 2: Player-1, 'ALPHA', running on localhost
START Player-0 260705446
START Player-1 ALPHA
0 1 3 0 0
0 0 0 0 1
0 1 3 0 0
0 0 0 0 1
0 1 3 0 0
0 0 0 0 1
0 1 3 0 0
0 0 0 0 1
0 4 3 0 0
0 3 0 0 1
1 1 3 0 0
0 5 0 0 1
1 4 3 0 0
1 3 0 0 1
2 3 3 0 0
1 5 0 0 1
2 5 3 0 0
2 4 0 0 1
3 1 3 0 0
3 0 0 0 1
3 3 3 0 0
3 2 0 0 1
3 4 3 0 0
3 3 0 0 1
3 5 3 0 0
3 3 0 0 1
4 0 3 0 0
3 4 0 0 1
4 2 3 0 0
4 1 0 0 1
4 4 3 0 0
3 4 0 0 1
5 0 3 0 0
3 4 0 0 1
5 2 3 0 0
5 1 0 0 1
GAMEOVER DRAW
# Game ended: Tue Apr 13 23:17:43 EDT 2021
