# Server version 0.08 running on afs-macbook-pro.fios-router.home:8123
# Game ID: 224
# Board class: pentago_twist.PentagoBoard
# Timeout: 20000
# First Move Timeout: 30000
# Date: Tue Apr 13 14:24:26 EDT 2021
# Player 1: Player-0, '260705446', running on localhost
# Player 2: Player-1, 'ALPHA', running on localhost
START Player-0 260705446
START Player-1 ALPHA
0 3 1 0 0
0 0 0 0 1
1 5 0 0 0
0 0 0 0 1
0 4 0 0 0
0 1 0 0 1
0 3 0 0 0
0 1 0 0 1
3 2 1 0 0
0 0 0 0 1
3 5 0 0 0
0 0 0 0 1
4 2 0 0 0
0 1 0 0 1
5 3 0 0 0
0 1 0 0 1
5 5 0 0 0
0 3 0 0 1
3 4 1 0 0
0 3 0 0 1
4 5 1 1 0
GAMEOVER WINNER 0
# Game ended: Tue Apr 13 14:24:45 EDT 2021
