# Server version 0.08 running on afs-macbook-pro.fios-router.home:8123
# Game ID: 85
# Board class: pentago_twist.PentagoBoard
# Timeout: 20000
# First Move Timeout: 30000
# Date: Sun Apr 11 00:14:43 EDT 2021
# Player 1: Player-0, 'ALPHA', running on localhost
# Player 2: Player-1, 'ALPHA', running on localhost
START Player-0 ALPHA
START Player-1 ALPHA
1 1 0 0 0
1 4 0 0 1
4 1 0 0 0
4 4 0 0 1
1 2 0 0 0
3 1 0 0 1
4 3 3 1 0
3 4 0 1 1
2 4 3 0 0
2 1 0 1 1
1 5 2 0 0
1 2 2 0 1
2 3 3 1 0
5 3 3 0 1
3 1 3 1 0
0 4 3 0 1
4 0 3 1 0
5 0 2 0 1
2 2 0 1 0
2 2 0 1 1
0 1 2 1 0
1 3 3 0 1
5 3 1 1 0
5 5 1 1 1
4 5 1 1 0
0 3 1 1 1
5 4 0 1 0
5 0 0 1 1
0 0 0 1 0
0 0 0 1 1
0 3 0 0 0
2 5 0 1 1
3 0 0 0 0
3 5 0 1 1
5 1 0 0 0
5 2 0 1 1
GAMEOVER DRAW
# Game ended: Sun Apr 11 00:15:22 EDT 2021
