# Server version 0.08 running on afs-macbook-pro.fios-router.home:8123
# Game ID: 63
# Board class: pentago_twist.PentagoBoard
# Timeout: 20000
# First Move Timeout: 30000
# Date: Sun Apr 11 00:03:47 EDT 2021
# Player 1: Player-0, '260705446', running on localhost
# Player 2: Player-1, 'ALPHA', running on localhost
START Player-0 260705446
START Player-1 ALPHA
4 4 0 0 0
1 1 0 0 1
1 5 1 0 0
1 4 0 0 1
4 3 1 0 0
4 1 1 0 1
0 5 1 0 0
3 3 0 0 1
0 5 3 0 0
2 1 3 1 1
3 5 3 1 0
4 3 3 1 1
3 1 3 1 0
3 0 3 1 1
0 0 3 1 0
0 4 3 1 1
0 1 3 1 0
2 3 3 1 1
0 2 1 1 0
3 2 1 1 1
0 3 1 1 0
5 0 1 1 1
GAMEOVER WINNER 1
# Game ended: Sun Apr 11 00:04:23 EDT 2021
