# Server version 0.08 running on afs-macbook-pro.fios-router.home:8123
# Game ID: 220
# Board class: pentago_twist.PentagoBoard
# Timeout: 20000
# First Move Timeout: 30000
# Date: Tue Apr 13 14:16:58 EDT 2021
# Starting at move 12
# Player 1: Player-0, 'RandomPlayer', running on afs-macbook-pro.fios-router.home
# Player 2: Player-1, 'Human', running on afs-macbook-pro.fios-router.home
START Player-0 RandomPlayer
START Player-1 Human
0 0 0 0 0
0 0 0 0 1
3 1 2 0 0
0 0 0 0 1
1 4 1 1 0
0 0 0 0 1
2 4 1 1 0
0 1 0 0 1
1 3 1 1 0
0 1 0 0 1
4 1 2 0 0
1 3 1 1 1
2 3 2 0 0
GAMEOVER USER CANCEL UNDECIDED
# Game ended: Tue Apr 13 14:17:12 EDT 2021
