# Server version 0.08 running on afs-macbook-pro.fios-router.home:8123
# Game ID: 212
# Board class: pentago_twist.PentagoBoard
# Timeout: 20000
# First Move Timeout: 30000
# Date: Tue Apr 13 14:10:19 EDT 2021
# Player 1: Player-0, 'ALPHA', running on localhost
# Player 2: Player-1, '260705446', running on localhost
START Player-0 ALPHA
START Player-1 260705446
1 1 0 0 0
0 0 0 0 1
1 4 0 1 0
0 1 0 0 1
1 3 0 1 0
0 1 0 0 1
0 3 0 1 0
0 2 0 0 1
3 2 0 1 0
0 2 0 0 1
1 0 0 1 0
0 4 0 0 1
3 1 1 0 0
0 3 0 0 1
2 4 0 1 0
0 1 0 0 1
4 1 0 1 0
1 3 0 0 1
2 3 3 0 0
GAMEOVER WINNER 0
# Game ended: Tue Apr 13 14:10:35 EDT 2021
