# Server version 0.08 running on afs-macbook-pro.fios-router.home:8123
# Game ID: 217
# Board class: pentago_twist.PentagoBoard
# Timeout: 300000
# First Move Timeout: 30000
# Date: Tue Apr 13 14:14:42 EDT 2021
# Player 1: Player-0, 'Human', running on afs-macbook-pro.fios-router.home
# Player 2: Player-1, '260705446', running on afs-macbook-pro.fios-router.home
START Player-0 Human
START Player-1 260705446
1 1 0 0 0
0 0 0 0 1
0 0 0 0 0
0 0 0 0 1
0 0 1 1 0
0 1 0 0 1
1 3 1 1 0
0 1 0 0 1
1 3 1 1 0
0 1 0 0 1
2 3 1 1 0
0 1 0 0 1
2 3 1 1 0
0 3 0 0 1
2 4 1 1 0
0 3 0 0 1
1 4 1 1 0
0 4 0 0 1
GAMEOVER ILLEGAL MOVE: Player 0, Move: (3, 3), R/F: (3, 3) WINNER 1
# Game ended: Tue Apr 13 14:15:33 EDT 2021
