# Server version 0.08 running on afs-macbook-pro.fios-router.home:8123
# Game ID: 148
# Board class: pentago_twist.PentagoBoard
# Timeout: 20000
# First Move Timeout: 30000
# Date: Tue Apr 13 10:48:37 EDT 2021
# Player 1: Player-0, '260705446', running on localhost
# Player 2: Player-1, '260705446', running on localhost
START Player-0 260705446
START Player-1 260705446
1 1 0 0 0
0 0 0 0 1
1 4 0 0 0
1 2 1 0 1
1 3 0 0 0
1 5 1 0 1
1 2 1 1 0
2 3 0 1 1
1 3 0 1 0
2 2 0 1 1
GAMEOVER WINNER 1
# Game ended: Tue Apr 13 10:48:40 EDT 2021
