# Server version 0.08 running on afs-macbook-pro.fios-router.home:8123
# Game ID: 30
# Board class: pentago_twist.PentagoBoard
# Timeout: 20000
# First Move Timeout: 30000
# Date: Sat Apr 10 23:10:23 EDT 2021
# Player 1: Player-0, '260705446', running on localhost
# Player 2: Player-1, 'RandomPlayer', running on localhost
START Player-0 260705446
START Player-1 RandomPlayer
1 1 0 0 0
4 4 2 0 1
1 4 0 0 0
0 5 1 0 1
1 2 0 0 0
1 2 1 1 1
4 1 1 0 0
1 0 2 1 1
2 5 1 0 0
4 3 1 1 1
5 0 1 0 0
5 4 0 0 1
3 2 0 0 0
GAMEOVER WINNER 0
# Game ended: Sat Apr 10 23:10:33 EDT 2021
