# Server version 0.08 running on afs-macbook-pro.fios-router.home:8123
# Game ID: 218
# Board class: pentago_twist.PentagoBoard
# Timeout: 300000
# First Move Timeout: 30000
# Date: Tue Apr 13 14:15:40 EDT 2021
# Player 1: Player-0, 'Human', running on afs-macbook-pro.fios-router.home
# Player 2: Player-1, '260705446', running on afs-macbook-pro.fios-router.home
START Player-0 Human
START Player-1 260705446
0 0 0 0 0
0 0 0 0 1
3 1 2 0 0
0 0 0 0 1
1 4 1 1 0
0 0 0 0 1
2 4 1 1 0
0 1 0 0 1
1 3 1 1 0
0 1 0 0 1
GAMEOVER USER CANCEL UNDECIDED
# Game ended: Tue Apr 13 14:16:39 EDT 2021
