# Server version 0.08 running on afs-macbook-pro.fios-router.home:8123
# Game ID: 20
# Board class: pentago_twist.PentagoBoard
# Timeout: 300000
# First Move Timeout: 30000
# Date: Sat Apr 10 21:59:27 EDT 2021
# Player 1: Player-0, 'Human', running on afs-macbook-pro.fios-router.home
# Player 2: Player-1, 'RandomPlayer', running on afs-macbook-pro.fios-router.home
START Player-0 Human
START Player-1 RandomPlayer
0 1 0 1 0
4 4 2 0 1
0 2 0 0 0
0 5 1 0 1
0 0 0 0 0
1 2 1 1 1
0 1 0 1 0
1 2 2 1 1
1 1 0 0 0
4 3 1 1 1
2 2 0 1 0
5 4 0 0 1
GAMEOVER ILLEGAL MOVE: Player 0, Move: (2, 2), R/F: (0, 2) WINNER 1
# Game ended: Sat Apr 10 22:00:13 EDT 2021
