# Server version 0.08 running on afs-macbook-pro.fios-router.home:8123
# Game ID: 278
# Board class: pentago_twist.PentagoBoard
# Timeout: 20000
# First Move Timeout: 30000
# Date: Tue Apr 13 15:08:10 EDT 2021
# Player 1: Player-0, '260705446', running on localhost
# Player 2: Player-1, 'ALPHA', running on localhost
START Player-0 260705446
START Player-1 ALPHA
3 3 0 0 0
0 0 0 0 1
3 5 0 0 0
0 0 0 0 1
5 3 3 0 0
0 0 0 0 1
1 3 0 1 0
0 1 0 0 1
1 4 0 1 0
0 1 0 0 1
1 5 0 1 0
0 3 0 0 1
2 5 0 1 0
0 4 0 0 1
GAMEOVER WINNER 1
# Game ended: Tue Apr 13 15:08:22 EDT 2021
