# Server version 0.08 running on afs-macbook-pro.fios-router.home:8123
# Game ID: 177
# Board class: pentago_twist.PentagoBoard
# Timeout: 20000
# First Move Timeout: 30000
# Date: Tue Apr 13 11:27:06 EDT 2021
# Player 1: Player-0, '260705446', running on localhost
# Player 2: Player-1, 'ALPHA', running on localhost
START Player-0 260705446
START Player-1 ALPHA
0 4 0 0 0
0 3 0 0 1
2 5 1 0 0
0 4 1 0 1
3 0 2 0 0
0 5 2 0 1
3 3 3 0 0
5 1 3 0 1
2 2 1 0 0
4 4 2 0 1
3 4 1 0 0
0 1 1 0 1
0 2 2 0 0
0 0 0 1 1
GAMEOVER WINNER 1
# Game ended: Tue Apr 13 11:27:28 EDT 2021
