# Server version 0.08 running on afs-macbook-pro.fios-router.home:8123
# Game ID: 300
# Board class: pentago_twist.PentagoBoard
# Timeout: 20000
# First Move Timeout: 30000
# Date: Tue Apr 13 16:04:44 EDT 2021
# Player 1: Player-0, '260705446', running on localhost
# Player 2: Player-1, 'Random Non-Stupid Benchmark', running on localhost
START Player-0 260705446
START Player-1 Random Non-Stupid Benchmark
0 2 0 0 0
0 3 0 1 1
2 1 0 1 0
4 1 0 0 1
0 0 0 1 0
4 2 3 0 1
5 0 2 0 0
3 1 2 0 1
5 0 2 0 0
5 5 2 0 1
5 1 0 0 0
1 0 0 1 1
1 0 2 0 0
1 1 0 0 1
GAMEOVER DRAW
# Game ended: Tue Apr 13 16:04:50 EDT 2021
