# Server version 0.08 running on afs-macbook-pro.fios-router.home:8123
# Game ID: 72
# Board class: pentago_twist.PentagoBoard
# Timeout: 20000
# First Move Timeout: 30000
# Date: Sun Apr 11 00:08:02 EDT 2021
# Player 1: Player-0, 'ALPHA', running on localhost
# Player 2: Player-1, '260705446', running on localhost
START Player-0 ALPHA
START Player-1 260705446
1 1 0 0 0
4 5 2 1 1
4 1 3 0 0
3 4 0 0 1
1 4 0 0 0
0 3 1 0 1
3 1 0 0 0
0 3 0 0 1
0 1 0 0 0
1 3 1 0 1
1 0 0 0 0
GAMEOVER WINNER 0
# Game ended: Sun Apr 11 00:08:21 EDT 2021
