# Server version 0.08 running on afs-macbook-pro.fios-router.home:8123
# Game ID: 460
# Board class: pentago_twist.PentagoBoard
# Timeout: 20000
# First Move Timeout: 30000
# Date: Tue Apr 13 23:09:08 EDT 2021
# Player 1: Player-0, '260705446', running on localhost
# Player 2: Player-1, 'Random Non-Stupid Benchmark', running on localhost
START Player-0 260705446
START Player-1 Random Non-Stupid Benchmark
1 1 0 0 0
3 4 1 1 1
0 2 0 0 0
5 5 0 0 1
2 2 3 0 0
0 3 1 0 1
2 1 0 0 0
3 5 1 1 1
3 2 0 1 0
0 1 2 0 1
3 0 2 0 0
2 5 0 0 1
3 0 0 0 0
4 2 0 0 1
3 1 2 1 0
2 0 2 1 1
2 1 2 1 0
4 1 2 1 1
1 2 2 0 0
3 1 2 0 1
4 3 0 1 0
4 4 3 1 1
GAMEOVER WINNER 1
# Game ended: Tue Apr 13 23:09:11 EDT 2021
