# Server version 0.08 running on afs-macbook-pro.fios-router.home:8123
# Game ID: 19
# Board class: pentago_twist.PentagoBoard
# Timeout: 300000
# First Move Timeout: 30000
# Date: Sat Apr 10 21:56:30 EDT 2021
# Player 1: Player-0, 'Human', running on afs-macbook-pro.fios-router.home
# Player 2: Player-1, 'RandomPlayer', running on afs-macbook-pro.fios-router.home
START Player-0 Human
START Player-1 RandomPlayer
1 0 0 1 0
4 4 2 0 1
4 3 0 0 0
0 5 1 0 1
2 4 1 0 0
1 1 1 1 1
4 2 2 0 0
0 5 2 1 1
3 4 3 1 0
4 1 1 1 1
1 4 1 1 0
5 4 0 0 1
0 0 0 0 0
1 0 2 1 1
