# Server version 0.08 running on afs-macbook-pro.fios-router.home:8123
# Game ID: 558
# Board class: pentago_twist.PentagoBoard
# Timeout: 20000
# First Move Timeout: 30000
# Date: Tue Apr 13 23:43:51 EDT 2021
# Player 1: Player-0, 'ALPHA', running on localhost
# Player 2: Player-1, '260705446', running on localhost
START Player-0 ALPHA
START Player-1 260705446
1 1 0 0 0
0 0 0 0 1
1 4 0 1 0
0 1 0 0 1
0 1 0 1 0
0 2 0 0 1
3 2 0 1 0
0 2 0 0 1
3 0 1 0 0
0 3 0 0 1
1 5 1 0 0
0 0 0 0 1
0 1 0 1 0
0 3 0 0 1
0 1 1 0 0
GAMEOVER WINNER 0
# Game ended: Tue Apr 13 23:44:10 EDT 2021
