# Server version 0.08 running on afs-macbook-pro.fios-router.home:8123
# Game ID: 65
# Board class: pentago_twist.PentagoBoard
# Timeout: 20000
# First Move Timeout: 30000
# Date: Sun Apr 11 00:04:59 EDT 2021
# Player 1: Player-0, '260705446', running on localhost
# Player 2: Player-1, 'ALPHA', running on localhost
START Player-0 260705446
START Player-1 ALPHA
4 4 0 0 0
1 1 0 0 1
1 5 1 0 0
1 4 0 0 1
4 3 1 0 0
4 1 1 0 1
0 5 1 0 0
0 5 1 0 1
3 3 1 1 0
1 5 1 1 1
3 1 1 1 0
5 3 2 0 1
3 2 2 1 0
3 1 2 1 1
3 4 2 1 0
2 1 3 0 1
5 0 2 0 0
4 0 2 0 1
GAMEOVER WINNER 1
# Game ended: Sun Apr 11 00:05:29 EDT 2021
